# JRE version: Java(TM) SE Runtime Environment (8.0_45-b15) (build 1.8.0_45-b15)
# Java VM: Java HotSpot(TM) 64-Bit Server VM (25.45-b02 mixed mode windows-amd64 compressed oops)
Heap:
 PSYoungGen      total 137728K, used 131139K [0x00000000e0000000, 0x00000000ed700000, 0x0000000100000000)
  eden space 123904K, 94% used [0x00000000e0000000,0x00000000e72c3f80,0x00000000e7900000)
  from space 13824K, 98% used [0x00000000e7900000,0x00000000e864d038,0x00000000e8680000)
  to   space 15360K, 0% used [0x00000000ec800000,0x00000000ec800000,0x00000000ed700000)
 ParOldGen       total 187392K, used 18117K [0x00000000a0000000, 0x00000000ab700000, 0x00000000e0000000)
  object space 187392K, 9% used [0x00000000a0000000,0x00000000a11b1538,0x00000000ab700000)
 Metaspace       used 48693K, capacity 50054K, committed 50176K, reserved 1093632K
  class space    used 6563K, capacity 6877K, committed 6912K, reserved 1048576K
GC Heap History (10 events):
Event: 8.446 GC heap before
{Heap before GC invocations=5 (full 1):
 PSYoungGen      total 76288K, used 73392K [0x00000000e0000000, 0x00000000e6d00000, 0x0000000100000000)
  eden space 65536K, 100% used [0x00000000e0000000,0x00000000e4000000,0x00000000e4000000)
  from space 10752K, 73% used [0x00000000e4000000,0x00000000e47ac1c8,0x00000000e4a80000)
  to   space 10752K, 0% used [0x00000000e6280000,0x00000000e6280000,0x00000000e6d00000)
 ParOldGen       total 118272K, used 12929K [0x00000000a0000000, 0x00000000a7380000, 0x00000000e0000000)
  object space 118272K, 10% used [0x00000000a0000000,0x00000000a0ca05b0,0x00000000a7380000)
 Metaspace       used 28754K, capacity 29470K, committed 29568K, reserved 1075200K
  class space    used 4016K, capacity 4203K, committed 4224K, reserved 1048576K
Event: 8.465 GC heap after
Heap after GC invocations=5 (full 1):
 PSYoungGen      total 100864K, used 6466K [0x00000000e0000000, 0x00000000e7000000, 0x0000000100000000)
  eden space 90112K, 0% used [0x00000000e0000000,0x00000000e0000000,0x00000000e5800000)
  from space 10752K, 60% used [0x00000000e6280000,0x00000000e68d0b50,0x00000000e6d00000)
  to   space 10752K, 0% used [0x00000000e5800000,0x00000000e5800000,0x00000000e6280000)
 ParOldGen       total 118272K, used 12937K [0x00000000a0000000, 0x00000000a7380000, 0x00000000e0000000)
  object space 118272K, 10% used [0x00000000a0000000,0x00000000a0ca25b0,0x00000000a7380000)
 Metaspace       used 28754K, capacity 29470K, committed 29568K, reserved 1075200K
  class space    used 4016K, capacity 4203K, committed 4224K, reserved 1048576K
}
Event: 16.964 GC heap before
{Heap before GC invocations=6 (full 1):
 PSYoungGen      total 100864K, used 78952K [0x00000000e0000000, 0x00000000e7000000, 0x0000000100000000)
  eden space 90112K, 80% used [0x00000000e0000000,0x00000000e46c9868,0x00000000e5800000)
  from space 10752K, 60% used [0x00000000e6280000,0x00000000e68d0b50,0x00000000e6d00000)
  to   space 10752K, 0% used [0x00000000e5800000,0x00000000e5800000,0x00000000e6280000)
 ParOldGen       total 118272K, used 12937K [0x00000000a0000000, 0x00000000a7380000, 0x00000000e0000000)
  object space 118272K, 10% used [0x00000000a0000000,0x00000000a0ca25b0,0x00000000a7380000)
 Metaspace       used 34471K, capacity 35302K, committed 35456K, reserved 1079296K
  class space    used 4678K, capacity 4910K, committed 4992K, reserved 1048576K
Event: 16.975 GC heap after
Heap after GC invocations=6 (full 1):
 PSYoungGen      total 100864K, used 10577K [0x00000000e0000000, 0x00000000e9480000, 0x0000000100000000)
  eden space 90112K, 0% used [0x00000000e0000000,0x00000000e0000000,0x00000000e5800000)
  from space 10752K, 98% used [0x00000000e5800000,0x00000000e62545b0,0x00000000e6280000)
  to   space 14336K, 0% used [0x00000000e8680000,0x00000000e8680000,0x00000000e9480000)
 ParOldGen       total 118272K, used 12945K [0x00000000a0000000, 0x00000000a7380000, 0x00000000e0000000)
  object space 118272K, 10% used [0x00000000a0000000,0x00000000a0ca45b0,0x00000000a7380000)
 Metaspace       used 34471K, capacity 35302K, committed 35456K, reserved 1079296K
  class space    used 4678K, capacity 4910K, committed 4992K, reserved 1048576K
}
Event: 16.975 GC heap before
{Heap before GC invocations=7 (full 2):
 PSYoungGen      total 100864K, used 10577K [0x00000000e0000000, 0x00000000e9480000, 0x0000000100000000)
  eden space 90112K, 0% used [0x00000000e0000000,0x00000000e0000000,0x00000000e5800000)
  from space 10752K, 98% used [0x00000000e5800000,0x00000000e62545b0,0x00000000e6280000)
  to   space 14336K, 0% used [0x00000000e8680000,0x00000000e8680000,0x00000000e9480000)
 ParOldGen       total 118272K, used 12945K [0x00000000a0000000, 0x00000000a7380000, 0x00000000e0000000)
  object space 118272K, 10% used [0x00000000a0000000,0x00000000a0ca45b0,0x00000000a7380000)
 Metaspace       used 34471K, capacity 35302K, committed 35456K, reserved 1079296K
  class space    used 4678K, capacity 4910K, committed 4992K, reserved 1048576K
Event: 17.097 GC heap after
Heap after GC invocations=7 (full 2):
 PSYoungGen      total 100864K, used 0K [0x00000000e0000000, 0x00000000e9480000, 0x0000000100000000)
  eden space 90112K, 0% used [0x00000000e0000000,0x00000000e0000000,0x00000000e5800000)
  from space 10752K, 0% used [0x00000000e5800000,0x00000000e5800000,0x00000000e6280000)
  to   space 14336K, 0% used [0x00000000e8680000,0x00000000e8680000,0x00000000e9480000)
 ParOldGen       total 187392K, used 18101K [0x00000000a0000000, 0x00000000ab700000, 0x00000000e0000000)
  object space 187392K, 9% used [0x00000000a0000000,0x00000000a11ad538,0x00000000ab700000)
 Metaspace       used 34435K, capacity 35182K, committed 35456K, reserved 1079296K
  class space    used 4668K, capacity 4870K, committed 4992K, reserved 1048576K
}
Event: 17.918 GC heap before
{Heap before GC invocations=8 (full 2):
 PSYoungGen      total 100864K, used 90112K [0x00000000e0000000, 0x00000000e9480000, 0x0000000100000000)
  eden space 90112K, 100% used [0x00000000e0000000,0x00000000e5800000,0x00000000e5800000)
  from space 10752K, 0% used [0x00000000e5800000,0x00000000e5800000,0x00000000e6280000)
  to   space 14336K, 0% used [0x00000000e8680000,0x00000000e8680000,0x00000000e9480000)
 ParOldGen       total 187392K, used 18101K [0x00000000a0000000, 0x00000000ab700000, 0x00000000e0000000)
  object space 187392K, 9% used [0x00000000a0000000,0x00000000a11ad538,0x00000000ab700000)
 Metaspace       used 39325K, capacity 40160K, committed 40448K, reserved 1083392K
  class space    used 5306K, capacity 5522K, committed 5632K, reserved 1048576K
Event: 17.940 GC heap after
Heap after GC invocations=8 (full 2):
 PSYoungGen      total 138240K, used 9589K [0x00000000e0000000, 0x00000000ea100000, 0x0000000100000000)
  eden space 123904K, 0% used [0x00000000e0000000,0x00000000e0000000,0x00000000e7900000)
  from space 14336K, 66% used [0x00000000e8680000,0x00000000e8fdd7b8,0x00000000e9480000)
  to   space 13824K, 0% used [0x00000000e7900000,0x00000000e7900000,0x00000000e8680000)
 ParOldGen       total 187392K, used 18109K [0x00000000a0000000, 0x00000000ab700000, 0x00000000e0000000)
  object space 187392K, 9% used [0x00000000a0000000,0x00000000a11af538,0x00000000ab700000)
 Metaspace       used 39325K, capacity 40160K, committed 40448K, reserved 1083392K
  class space    used 5306K, capacity 5522K, committed 5632K, reserved 1048576K
}
Event: 18.681 GC heap before
{Heap before GC invocations=9 (full 2):
 PSYoungGen      total 138240K, used 133493K [0x00000000e0000000, 0x00000000ea100000, 0x0000000100000000)
  eden space 123904K, 100% used [0x00000000e0000000,0x00000000e7900000,0x00000000e7900000)
  from space 14336K, 66% used [0x00000000e8680000,0x00000000e8fdd7b8,0x00000000e9480000)
  to   space 13824K, 0% used [0x00000000e7900000,0x00000000e7900000,0x00000000e8680000)
 ParOldGen       total 187392K, used 18109K [0x00000000a0000000, 0x00000000ab700000, 0x00000000e0000000)
  object space 187392K, 9% used [0x00000000a0000000,0x00000000a11af538,0x00000000ab700000)
 Metaspace       used 45415K, capacity 46478K, committed 46848K, reserved 1089536K
  class space    used 6087K, capacity 6331K, committed 6400K, reserved 1048576K
Event: 18.689 GC heap after
Heap after GC invocations=9 (full 2):
 PSYoungGen      total 137728K, used 13620K [0x00000000e0000000, 0x00000000ed700000, 0x0000000100000000)
  eden space 123904K, 0% used [0x00000000e0000000,0x00000000e0000000,0x00000000e7900000)
  from space 13824K, 98% used [0x00000000e7900000,0x00000000e864d038,0x00000000e8680000)
  to   space 15360K, 0% used [0x00000000ec800000,0x00000000ec800000,0x00000000ed700000)
 ParOldGen       total 187392K, used 18117K [0x00000000a0000000, 0x00000000ab700000, 0x00000000e0000000)
  object space 187392K, 9% used [0x00000000a0000000,0x00000000a11b1538,0x00000000ab700000)
 Metaspace       used 45415K, capacity 46478K, committed 46848K, reserved 1089536K
  class space    used 6087K, capacity 6331K, committed 6400K, reserved 1048576K
}

